<?xml version="1.0" encoding="UTF-8"?>
<testsuite xmlns:xsi="http://www.w3.org/2001/XMLSchema-instance" xsi:noNamespaceSchemaLocation="https://maven.apache.org/surefire/maven-surefire-plugin/xsd/surefire-test-report-3.0.xsd" version="3.0" name="RunCucumberTest" time="13.343" tests="4" errors="0" skipped="0" failures="1">
  <properties>
    <property name="java.specification.version" value="17"/>
    <property name="sun.jnu.encoding" value="UTF-8"/>
    <property name="java.class.path" value="/usr/src/mymaven/target/test-classes:/usr/src/mymaven/target/classes:/root/.m2/repository/io/cucumber/cucumber-java/7.0.0/cucumber-java-7.0.0.jar:/root/.m2/repository/io/cucumber/cucumber-core/7.0.0/cucumber-core-7.0.0.jar:/root/.m2/repository/io/cucumber/cucumber-gherkin/7.0.0/cucumber-gherkin-7.0.0.jar:/root/.m2/repository/io/cucumber/cucumber-gherkin-messages/7.0.0/cucumber-gherkin-messages-7.0.0.jar:/root/.m2/repository/io/cucumber/messages/17.1.1/messages-17.1.1.jar:/root/.m2/repository/io/cucumber/tag-expressions/4.0.2/tag-expressions-4.0.2.jar:/root/.m2/repository/io/cucumber/cucumber-expressions/13.0.1/cucumber-expressions-13.0.1.jar:/root/.m2/repository/io/cucumber/datatable/7.0.0/datatable-7.0.0.jar:/root/.m2/repository/io/cucumber/cucumber-plugin/7.0.0/cucumber-plugin-7.0.0.jar:/root/.m2/repository/io/cucumber/docstring/7.0.0/docstring-7.0.0.jar:/root/.m2/repository/io/cucumber/html-formatter/17.0.0/html-formatter-17.0.0.jar:/root/.m2/repository/io/cucumber/create-meta/6.0.1/create-meta-6.0.1.jar:/root/.m2/repository/org/apiguardian/apiguardian-api/1.1.2/apiguardian-api-1.1.2.jar:/root/.m2/repository/io/cucumber/cucumber-testng/7.0.0/cucumber-testng-7.0.0.jar:/root/.m2/repository/org/testng/testng/7.4.0/testng-7.4.0.jar:/root/.m2/repository/com/beust/jcommander/1.78/jcommander-1.78.jar:/root/.m2/repository/org/webjars/jquery/3.5.1/jquery-3.5.1.jar:/root/.m2/repository/org/springframework/spring-test/5.0.1.RELEASE/spring-test-5.0.1.RELEASE.jar:/root/.m2/repository/org/springframework/spring-core/5.0.1.RELEASE/spring-core-5.0.1.RELEASE.jar:/root/.m2/repository/org/springframework/spring-jcl/5.0.1.RELEASE/spring-jcl-5.0.1.RELEASE.jar:/root/.m2/repository/org/springframework/spring-context/5.0.1.RELEASE/spring-context-5.0.1.RELEASE.jar:/root/.m2/repository/org/springframework/spring-aop/5.0.1.RELEASE/spring-aop-5.0.1.RELEASE.jar:/root/.m2/repository/org/springframework/spring-beans/5.0.1.RELEASE/spring-beans-5.0.1.RELEASE.jar:/root/.m2/repository/org/springframework/spring-expression/5.0.1.RELEASE/spring-expression-5.0.1.RELEASE.jar:/root/.m2/repository/org/jetbrains/kotlin/kotlin-stdlib-jdk8/1.6.0/kotlin-stdlib-jdk8-1.6.0.jar:/root/.m2/repository/org/jetbrains/kotlin/kotlin-stdlib/1.6.0/kotlin-stdlib-1.6.0.jar:/root/.m2/repository/org/jetbrains/annotations/13.0/annotations-13.0.jar:/root/.m2/repository/org/jetbrains/kotlin/kotlin-stdlib-common/1.6.0/kotlin-stdlib-common-1.6.0.jar:/root/.m2/repository/org/jetbrains/kotlin/kotlin-stdlib-jdk7/1.6.0/kotlin-stdlib-jdk7-1.6.0.jar:"/>
    <property name="java.vm.vendor" value="Oracle Corporation"/>
    <property name="sun.arch.data.model" value="64"/>
    <property name="java.vendor.url" value="https://java.oracle.com/"/>
    <property name="user.timezone" value="UTC"/>
    <property name="os.name" value="Linux"/>
    <property name="java.vm.specification.version" value="17"/>
    <property name="sun.java.launcher" value="SUN_STANDARD"/>
    <property name="sun.boot.library.path" value="/usr/java/openjdk-17/lib"/>
    <property name="sun.java.command" value="/usr/src/mymaven/target/surefire/surefirebooter6272358429957466767.jar /usr/src/mymaven/target/surefire 2022-01-28T15-18-22_656-jvmRun1 surefire2590690515721629052tmp surefire_0479226412499881777tmp"/>
    <property name="jdk.debug" value="release"/>
    <property name="surefire.test.class.path" value="/usr/src/mymaven/target/test-classes:/usr/src/mymaven/target/classes:/root/.m2/repository/io/cucumber/cucumber-java/7.0.0/cucumber-java-7.0.0.jar:/root/.m2/repository/io/cucumber/cucumber-core/7.0.0/cucumber-core-7.0.0.jar:/root/.m2/repository/io/cucumber/cucumber-gherkin/7.0.0/cucumber-gherkin-7.0.0.jar:/root/.m2/repository/io/cucumber/cucumber-gherkin-messages/7.0.0/cucumber-gherkin-messages-7.0.0.jar:/root/.m2/repository/io/cucumber/messages/17.1.1/messages-17.1.1.jar:/root/.m2/repository/io/cucumber/tag-expressions/4.0.2/tag-expressions-4.0.2.jar:/root/.m2/repository/io/cucumber/cucumber-expressions/13.0.1/cucumber-expressions-13.0.1.jar:/root/.m2/repository/io/cucumber/datatable/7.0.0/datatable-7.0.0.jar:/root/.m2/repository/io/cucumber/cucumber-plugin/7.0.0/cucumber-plugin-7.0.0.jar:/root/.m2/repository/io/cucumber/docstring/7.0.0/docstring-7.0.0.jar:/root/.m2/repository/io/cucumber/html-formatter/17.0.0/html-formatter-17.0.0.jar:/root/.m2/repository/io/cucumber/create-meta/6.0.1/create-meta-6.0.1.jar:/root/.m2/repository/org/apiguardian/apiguardian-api/1.1.2/apiguardian-api-1.1.2.jar:/root/.m2/repository/io/cucumber/cucumber-testng/7.0.0/cucumber-testng-7.0.0.jar:/root/.m2/repository/org/testng/testng/7.4.0/testng-7.4.0.jar:/root/.m2/repository/com/beust/jcommander/1.78/jcommander-1.78.jar:/root/.m2/repository/org/webjars/jquery/3.5.1/jquery-3.5.1.jar:/root/.m2/repository/org/springframework/spring-test/5.0.1.RELEASE/spring-test-5.0.1.RELEASE.jar:/root/.m2/repository/org/springframework/spring-core/5.0.1.RELEASE/spring-core-5.0.1.RELEASE.jar:/root/.m2/repository/org/springframework/spring-jcl/5.0.1.RELEASE/spring-jcl-5.0.1.RELEASE.jar:/root/.m2/repository/org/springframework/spring-context/5.0.1.RELEASE/spring-context-5.0.1.RELEASE.jar:/root/.m2/repository/org/springframework/spring-aop/5.0.1.RELEASE/spring-aop-5.0.1.RELEASE.jar:/root/.m2/repository/org/springframework/spring-beans/5.0.1.RELEASE/spring-beans-5.0.1.RELEASE.jar:/root/.m2/repository/org/springframework/spring-expression/5.0.1.RELEASE/spring-expression-5.0.1.RELEASE.jar:/root/.m2/repository/org/jetbrains/kotlin/kotlin-stdlib-jdk8/1.6.0/kotlin-stdlib-jdk8-1.6.0.jar:/root/.m2/repository/org/jetbrains/kotlin/kotlin-stdlib/1.6.0/kotlin-stdlib-1.6.0.jar:/root/.m2/repository/org/jetbrains/annotations/13.0/annotations-13.0.jar:/root/.m2/repository/org/jetbrains/kotlin/kotlin-stdlib-common/1.6.0/kotlin-stdlib-common-1.6.0.jar:/root/.m2/repository/org/jetbrains/kotlin/kotlin-stdlib-jdk7/1.6.0/kotlin-stdlib-jdk7-1.6.0.jar:"/>
    <property name="sun.cpu.endian" value="little"/>
    <property name="user.home" value="/root"/>
    <property name="user.language" value="en"/>
    <property name="java.specification.vendor" value="Oracle Corporation"/>
    <property name="java.version.date" value="2021-09-14"/>
    <property name="java.home" value="/usr/java/openjdk-17"/>
    <property name="file.separator" value="/"/>
    <property name="basedir" value="/usr/src/mymaven"/>
    <property name="java.vm.compressedOopsMode" value="32-bit"/>
    <property name="line.separator" value="&#10;"/>
    <property name="java.vm.specification.vendor" value="Oracle Corporation"/>
    <property name="java.specification.name" value="Java Platform API Specification"/>
    <property name="surefire.real.class.path" value="/usr/src/mymaven/target/surefire/surefirebooter6272358429957466767.jar"/>
    <property name="sun.management.compiler" value="HotSpot 64-Bit Tiered Compilers"/>
    <property name="java.runtime.version" value="17-ea+21-1866"/>
    <property name="user.name" value="root"/>
    <property name="path.separator" value=":"/>
    <property name="os.version" value="5.4.0-96-generic"/>
    <property name="java.runtime.name" value="OpenJDK Runtime Environment"/>
    <property name="file.encoding" value="UTF-8"/>
    <property name="java.vm.name" value="OpenJDK 64-Bit Server VM"/>
    <property name="localRepository" value="/root/.m2/repository"/>
    <property name="java.vendor.url.bug" value="https://bugreport.java.com/bugreport/"/>
    <property name="java.io.tmpdir" value="/tmp"/>
    <property name="java.version" value="17-ea"/>
    <property name="user.dir" value="/usr/src/mymaven"/>
    <property name="os.arch" value="amd64"/>
    <property name="java.vm.specification.name" value="Java Virtual Machine Specification"/>
    <property name="native.encoding" value="UTF-8"/>
    <property name="java.library.path" value="/usr/java/packages/lib:/usr/lib64:/lib64:/lib:/usr/lib"/>
    <property name="java.vm.info" value="mixed mode, sharing"/>
    <property name="java.vendor" value="Oracle Corporation"/>
    <property name="java.vm.version" value="17-ea+21-1866"/>
    <property name="sun.io.unicode.encoding" value="UnicodeLittle"/>
    <property name="java.class.version" value="61.0"/>
  </properties>
  <testcase name="runScenario[&quot;Get car model&quot;, &quot;Optional[Car]&quot;](1)" classname="RunCucumberTest" time="2.632"/>
  <testcase name="runScenario[&quot;Get car make&quot;, &quot;Optional[Car]&quot;](2)" classname="RunCucumberTest" time="2.662"/>
  <testcase name="runScenario[&quot;Get car year&quot;, &quot;Optional[Car]&quot;](3)" classname="RunCucumberTest" time="2.662"/>
  <testcase name="runScenario[&quot;Get car price&quot;, &quot;Optional[Car]&quot;](4)" classname="RunCucumberTest" time="2.692">
    <failure message="The step &apos;Car price should be 0&apos; is undefined.&#10;You can implement this step using the snippet(s) below:&#10;&#10;@Then(&quot;Car price should be {int}&quot;)&#10;public void car_price_should_be(Integer int1) {&#10;    // Write code here that turns the phrase above into concrete actions&#10;    throw new io.cucumber.java.PendingException();&#10;}&#10;" type="io.cucumber.testng.UndefinedStepException"><![CDATA[io.cucumber.testng.UndefinedStepException: 
The step 'Car price should be 0' is undefined.
You can implement this step using the snippet(s) below:

@Then("Car price should be {int}")
public void car_price_should_be(Integer int1) {
    // Write code here that turns the phrase above into concrete actions
    throw new io.cucumber.java.PendingException();
}

]]></failure>
  </testcase>
</testsuite>